panTro6
>>hg38 to panTro6 in chr
>>panTro6 to hg38 in chr
ponAbe3
>>hg38 to ponAbe3 in chr
>>ponAbe3 to hg38 in chr
nomLeu3
>>hg38 to nomLeu3 in chr
>>nomLeu3 to hg38 in chr
rheMac8
>>hg38 to rheMac8 in chr
>>rheMac8 to hg38 in chr
calJac3
>>hg38 to calJac3 in chr
>>calJac3 to hg38 in chr
oryCun2
>>hg38 to oryCun2 in chr
>>oryCun2 to hg38 in chr
cavPor3
>>hg38 to cavPor3 in chr
>>cavPor3 to hg38 in chr
rn6
>>hg38 to rn6 in chr
>>rn6 to hg38 in chr
mm10
>>hg38 to mm10 in chr
>>mm10 to hg38 in chr
oviAri4
>>hg38 to oviAri4 in chr
>>oviAri4 to hg38 in chr
canFam3
>>hg38 to canFam3 in chr
>>canFam3 to hg38 in chr
bosTau8
>>hg38 to bosTau8 in chr
>>bosTau8 to hg38 in chr
loxAfr3
>>hg38 to loxAfr3 in chr
>>loxAfr3 to hg38 in chr
monDom5
>>hg38 to monDom5 in chr
>>monDom5 to hg38 in chr
ornAna2
>>hg38 to ornAna2 in chr
>>ornAna2 to hg38 in chr
galGal6
>>hg38 to galGal6 in chr
>>galGal6 to hg38 in chr
taeGut2
>>hg38 to taeGut2 in chr
>>taeGut2 to hg38 in chr
anoCar2
>>hg38 to anoCar2 in chr
>>anoCar2 to hg38 in chr
xenTro9
>>hg38 to xenTro9 in chr
>>xenTro9 to hg38 in chr
gasAcu1
>>hg38 to gasAcu1 in chr
>>gasAcu1 to hg38 in chr
tetNig2
>>hg38 to tetNig2 in chr
>>tetNig2 to hg38 in chr
danRer11
>>hg38 to danRer11 in chr
>>danRer11 to hg38 in chr
